  1.cpp
E:\Desktop\cube\Project1\Project1\1.cpp(132,54): warning C4244: “参数”: 从“double”转换到“int”，可能丢失数据
E:\Desktop\cube\Project1\Project1\1.cpp(132,37): warning C4244: “参数”: 从“double”转换到“int”，可能丢失数据
E:\Desktop\cube\Project1\Project1\1.cpp(139,87): warning C4244: “参数”: 从“double”转换到“int”，可能丢失数据
E:\Desktop\cube\Project1\Project1\1.cpp(139,68): warning C4244: “参数”: 从“double”转换到“int”，可能丢失数据
E:\Desktop\cube\Project1\Project1\1.cpp(139,49): warning C4244: “参数”: 从“double”转换到“int”，可能丢失数据
E:\Desktop\cube\Project1\Project1\1.cpp(139,30): warning C4244: “参数”: 从“double”转换到“int”，可能丢失数据
E:\Desktop\cube\Project1\Project1\1.cpp(266,43): warning C4244: “参数”: 从“double”转换到“int”，可能丢失数据
E:\Desktop\cube\Project1\Project1\1.cpp(266,39): warning C4244: “参数”: 从“double”转换到“int”，可能丢失数据
E:\Desktop\cube\Project1\Project1\1.cpp(278,26): warning C4244: “参数”: 从“unsigned __int64”转换到“double”，可能丢失数据
E:\Desktop\cube\Project1\Project1\1.cpp(287,10): warning C4267: “初始化”: 从“size_t”转换到“int”，可能丢失数据
E:\Desktop\cube\Project1\Project1\1.cpp(179,65): warning C4244: “参数”: 从“double”转换到“int”，可能丢失数据
  E:\Desktop\cube\Project1\Project1\1.cpp(179,65):
  模板实例化上下文(最早的实例化上下文)为
  	E:\Desktop\cube\Project1\Project1\1.cpp(435,9):
  	查看对正在编译的函数 模板 实例化“void drawPoint<3>(const std::vector<point<3>,std::allocator<point<3>>> &,const std::vector<COLORREF,std::allocator<COLORREF>> &,const std::array<int,2> &,int)”的引用
  
E:\Desktop\cube\Project1\Project1\1.cpp(179,35): warning C4244: “参数”: 从“double”转换到“int”，可能丢失数据
  正在生成代码
  59 of 675 functions ( 8.7%) were compiled, the rest were copied from previous compilation.
    57 functions were new in current compilation
    2 functions had inline decision re-evaluated but remain unchanged
  已完成代码的生成
  Project1.vcxproj -> E:\Desktop\cube\Project1\x64\Release\Project1.exe
